Traceback (most recent call last):
  File "/Users/laurac/opt/anaconda3/envs/cc_indicators_v2/lib/python3.12/site-packages/jupyter_cache/executors/utils.py", line 58, in single_nb_execution
    executenb(
  File "/Users/laurac/opt/anaconda3/envs/cc_indicators_v2/lib/python3.12/site-packages/nbclient/client.py", line 1319, in execute
    return NotebookClient(nb=nb, resources=resources, km=km, **kwargs).execute()
           ^^^^^^^^^^^^^^^^^^^^^^^^^^^^^^^^^^^^^^^^^^^^^^^^^^^^^^^^^^^^^^^^^^^^^
  File "/Users/laurac/opt/anaconda3/envs/cc_indicators_v2/lib/python3.12/site-packages/jupyter_core/utils/__init__.py", line 165, in wrapped
    return loop.run_until_complete(inner)
           ^^^^^^^^^^^^^^^^^^^^^^^^^^^^^^
  File "/Users/laurac/opt/anaconda3/envs/cc_indicators_v2/lib/python3.12/asyncio/base_events.py", line 664, in run_until_complete
    return future.result()
           ^^^^^^^^^^^^^^^
  File "/Users/laurac/opt/anaconda3/envs/cc_indicators_v2/lib/python3.12/site-packages/nbclient/client.py", line 709, in async_execute
    await self.async_execute_cell(
  File "/Users/laurac/opt/anaconda3/envs/cc_indicators_v2/lib/python3.12/site-packages/nbclient/client.py", line 1062, in async_execute_cell
    await self._check_raise_for_error(cell, cell_index, exec_reply)
  File "/Users/laurac/opt/anaconda3/envs/cc_indicators_v2/lib/python3.12/site-packages/nbclient/client.py", line 918, in _check_raise_for_error
    raise CellExecutionError.from_cell_and_msg(cell, exec_reply_content)
nbclient.exceptions.CellExecutionError: An error occurred while executing the following cell:
------------------
fig = plot_bar_probs(x = data_over_th.index.year, y = data_over_th['PRCP'].values, trendline = True,
               figsize = (15, 5), y_label = f'Number of days over {prcentile} percentile')

plt.savefig(op.join(path_figs, 'F7b_Wet_days_95p.png'), dpi=300, bbox_inches='tight')
glue('95_fig', float(trend), display=False)

------------------


[0;31m---------------------------------------------------------------------------[0m
[0;31mNameError[0m                                 Traceback (most recent call last)
Cell [0;32mIn[10], line 5[0m
[1;32m      1[0m fig [38;5;241m=[39m plot_bar_probs(x [38;5;241m=[39m data_over_th[38;5;241m.[39mindex[38;5;241m.[39myear, y [38;5;241m=[39m data_over_th[[38;5;124m'[39m[38;5;124mPRCP[39m[38;5;124m'[39m][38;5;241m.[39mvalues, trendline [38;5;241m=[39m [38;5;28;01mTrue[39;00m,
[1;32m      2[0m                figsize [38;5;241m=[39m ([38;5;241m15[39m, [38;5;241m5[39m), y_label [38;5;241m=[39m [38;5;124mf[39m[38;5;124m'[39m[38;5;124mNumber of days over [39m[38;5;132;01m{[39;00mprcentile[38;5;132;01m}[39;00m[38;5;124m percentile[39m[38;5;124m'[39m)
[1;32m      4[0m plt[38;5;241m.[39msavefig(op[38;5;241m.[39mjoin(path_figs, [38;5;124m'[39m[38;5;124mF7b_Wet_days_95p.png[39m[38;5;124m'[39m), dpi[38;5;241m=[39m[38;5;241m300[39m, bbox_inches[38;5;241m=[39m[38;5;124m'[39m[38;5;124mtight[39m[38;5;124m'[39m)
[0;32m----> 5[0m glue([38;5;124m'[39m[38;5;124m95_fig[39m[38;5;124m'[39m, [38;5;28mfloat[39m([43mtrend[49m), display[38;5;241m=[39m[38;5;28;01mFalse[39;00m)

[0;31mNameError[0m: name 'trend' is not defined

