Traceback (most recent call last):
  File "/Users/laurac/opt/anaconda3/envs/cc_indicators_v2/lib/python3.12/site-packages/jupyter_cache/executors/utils.py", line 58, in single_nb_execution
    executenb(
  File "/Users/laurac/opt/anaconda3/envs/cc_indicators_v2/lib/python3.12/site-packages/nbclient/client.py", line 1319, in execute
    return NotebookClient(nb=nb, resources=resources, km=km, **kwargs).execute()
           ^^^^^^^^^^^^^^^^^^^^^^^^^^^^^^^^^^^^^^^^^^^^^^^^^^^^^^^^^^^^^^^^^^^^^
  File "/Users/laurac/opt/anaconda3/envs/cc_indicators_v2/lib/python3.12/site-packages/jupyter_core/utils/__init__.py", line 165, in wrapped
    return loop.run_until_complete(inner)
           ^^^^^^^^^^^^^^^^^^^^^^^^^^^^^^
  File "/Users/laurac/opt/anaconda3/envs/cc_indicators_v2/lib/python3.12/asyncio/base_events.py", line 664, in run_until_complete
    return future.result()
           ^^^^^^^^^^^^^^^
  File "/Users/laurac/opt/anaconda3/envs/cc_indicators_v2/lib/python3.12/site-packages/nbclient/client.py", line 709, in async_execute
    await self.async_execute_cell(
  File "/Users/laurac/opt/anaconda3/envs/cc_indicators_v2/lib/python3.12/site-packages/nbclient/client.py", line 1062, in async_execute_cell
    await self._check_raise_for_error(cell, cell_index, exec_reply)
  File "/Users/laurac/opt/anaconda3/envs/cc_indicators_v2/lib/python3.12/site-packages/nbclient/client.py", line 918, in _check_raise_for_error
    raise CellExecutionError.from_cell_and_msg(cell, exec_reply_content)
nbclient.exceptions.CellExecutionError: An error occurred while executing the following cell:
------------------
df_tcs = tcs_sel_params.to_dataframe()
df_tcs['year'] = df_tcs.dmin_date.dt.year
df_t = df_tcs.groupby('category').count()[['pressure_min']]
fig = plot_df_table(df_t, figsize = (300, 220))

mean_tcs_per_year = df_tcs.groupby(df_tcs['dmin_date'].dt.year)['pressure_min'].count()

df_sev = df_tcs.loc[df_tcs['category'] >=3]
mean_tcs_per_year_sev = df_sev.groupby(df_sev['dmin_date'].dt.year)['pressure_min'].count()

print('Mean TCs per year: ', np.nanmean(mean_tcs_per_year))
print('Mean number of severe TCs per year: ', np.round(np.nanmean(mean_tcs_per_year_sev), 2))

------------------


[0;31m---------------------------------------------------------------------------[0m
[0;31mNameError[0m                                 Traceback (most recent call last)
Cell [0;32mIn[14], line 4[0m
[1;32m      2[0m df_tcs[[38;5;124m'[39m[38;5;124myear[39m[38;5;124m'[39m] [38;5;241m=[39m df_tcs[38;5;241m.[39mdmin_date[38;5;241m.[39mdt[38;5;241m.[39myear
[1;32m      3[0m df_t [38;5;241m=[39m df_tcs[38;5;241m.[39mgroupby([38;5;124m'[39m[38;5;124mcategory[39m[38;5;124m'[39m)[38;5;241m.[39mcount()[[[38;5;124m'[39m[38;5;124mpressure_min[39m[38;5;124m'[39m]]
[0;32m----> 4[0m fig [38;5;241m=[39m [43mplot_df_table[49m(df_t, figsize [38;5;241m=[39m ([38;5;241m300[39m, [38;5;241m220[39m))
[1;32m      6[0m mean_tcs_per_year [38;5;241m=[39m df_tcs[38;5;241m.[39mgroupby(df_tcs[[38;5;124m'[39m[38;5;124mdmin_date[39m[38;5;124m'[39m][38;5;241m.[39mdt[38;5;241m.[39myear)[[38;5;124m'[39m[38;5;124mpressure_min[39m[38;5;124m'[39m][38;5;241m.[39mcount()
[1;32m      8[0m df_sev [38;5;241m=[39m df_tcs[38;5;241m.[39mloc[df_tcs[[38;5;124m'[39m[38;5;124mcategory[39m[38;5;124m'[39m] [38;5;241m>[39m[38;5;241m=[39m[38;5;241m3[39m]

[0;31mNameError[0m: name 'plot_df_table' is not defined

